<?xml version="1.0" encoding="UTF-8"?>
<!-- Generated by org.testng.reporters.JUnitXMLReporter -->
<testsuite ignored="0" hostname="LAPTOP-MV8D8OCH" failures="0" tests="3" name="Test" time="14.481" errors="0" timestamp="2022-07-22T16:43:57 IST">
  <testcase classname="TestClasses.VerifyUserCanLogIn" name="verifyUserCanLogin" time="2.202"/>
  <testcase classname="TestClasses.VerifyUserCanAddNewAddress" name="verifyUserCanGoToProfilePage" time="0.998"/>
  <testcase classname="TestClasses.VerifyUserCanAddNewAddress" name="veryUserCanAddAddress" time="3.754"/>
</testsuite> <!-- Test -->
